  HashTable.cpp
C:\Users\User\source\repos\ClojureProject\ClojureProject\HashTable.cpp(51,1): warning C4812: obsolete declaration style: please use 'pdsLib::HashTable<T>::HashTable' instead
  List.cpp
  main.cpp
C:\Users\User\source\repos\ClojureProject\ClojureProject\HashTable.cpp(51,1): warning C4812: obsolete declaration style: please use 'pdsLib::HashTable<T>::HashTable' instead
C:\Users\User\source\repos\ClojureProject\ClojureProject\HashTable.cpp(51,1): warning C4812: obsolete declaration style: please use 'pdsLib::HashTable<int>::HashTable' instead
C:\Users\User\source\repos\ClojureProject\ClojureProject\HashTable.cpp(51): message : while compiling class template member function 'pdsLib::HashTable<int>::HashTable(void)'
C:\Users\User\source\repos\ClojureProject\ClojureProject\main.cpp(8): message : see reference to function template instantiation 'pdsLib::HashTable<int>::HashTable(void)' being compiled
C:\Users\User\source\repos\ClojureProject\ClojureProject\main.cpp(8): message : see reference to class template instantiation 'pdsLib::HashTable<int>' being compiled
C:\Users\User\source\repos\ClojureProject\ClojureProject\HashTable.cpp(19,20): warning C4018: '<': signed/unsigned mismatch
C:\Users\User\source\repos\ClojureProject\ClojureProject\HashTable.cpp(17): message : while compiling class template member function 'int pdsLib::HashTable<int>::HashFunctionHorner(const std::string &,const int,const int)'
C:\Users\User\source\repos\ClojureProject\ClojureProject\HashTable.cpp(35): message : see reference to function template instantiation 'int pdsLib::HashTable<int>::HashFunctionHorner(const std::string &,const int,const int)' being compiled
C:\Users\User\source\repos\ClojureProject\ClojureProject\HashTable.cpp(100): message : while compiling class template member function 'void pdsLib::HashTable<int>::Hash(std::shared_ptr<pdsLib::HashTable<int>::Element>,const pdsLib::HashTable<int>::HashFunction1 &,const pdsLib::HashTable<int>::HashFunction2 &)'
C:\Users\User\source\repos\ClojureProject\ClojureProject\HashTable.cpp(75): message : see reference to function template instantiation 'void pdsLib::HashTable<int>::Hash(std::shared_ptr<pdsLib::HashTable<int>::Element>,const pdsLib::HashTable<int>::HashFunction1 &,const pdsLib::HashTable<int>::HashFunction2 &)' being compiled
C:\Users\User\source\repos\ClojureProject\ClojureProject\HashTable.cpp(8): message : while compiling class template member function 'std::string pdsLib::HashTable<int>::toString(const T &)'
          with
          [
              T=int
          ]
C:\Users\User\source\repos\ClojureProject\ClojureProject\HashTable.cpp(197): message : see reference to function template instantiation 'std::string pdsLib::HashTable<int>::toString(const T &)' being compiled
          with
          [
              T=int
          ]
C:\Users\User\source\repos\ClojureProject\ClojureProject\HashTable.cpp(51): message : while compiling class template member function 'pdsLib::HashTable<int>::HashTable(void)'
C:\Users\User\source\repos\ClojureProject\ClojureProject\main.cpp(8): message : see reference to function template instantiation 'pdsLib::HashTable<int>::HashTable(void)' being compiled
  Generating Code...
  ClojureProject.vcxproj -> C:\Users\User\source\repos\ClojureProject\Debug\ClojureProject.exe
